2024-06-26 16:09:31.538 T:170616    info <general>: -----------------------------------------------------------------------
2024-06-26 16:09:31.538 T:170616    info <general>: Starting Kodi (21.0 (21.0.1) Git:20240621-de4dc0c6fb-dirty). Platform: Linux x86 64-bit
2024-06-26 16:09:31.538 T:170616    info <general>: Using Debug Kodi x64
2024-06-26 16:09:31.538 T:170616    info <general>: Kodi compiled 2024-06-25 by GCC 12.2.0 for Linux x86 64-bit version 6.8.12 (395276)
2024-06-26 16:09:31.538 T:170616    info <general>: Running on Debian GNU/Linux 12 (bookworm), kernel: Linux x86 64-bit version 6.7.12+bpo-amd64
2024-06-26 16:09:31.538 T:170616    info <general>: FFmpeg version/source: 6.1.1-Kodi
2024-06-26 16:09:31.538 T:170616    info <general>: Host CPU: Intel(R) Core(TM) i3-4160 CPU @ 3.60GHz, 2 cores available
2024-06-26 16:09:31.538 T:170616    info <general>: special://xbmc/ is mapped to: /usr/share/kodi
2024-06-26 16:09:31.538 T:170616    info <general>: special://xbmcbin/ is mapped to: /usr/lib/kodi
2024-06-26 16:09:31.538 T:170616    info <general>: special://xbmcbinaddons/ is mapped to: /usr/lib/kodi/addons
2024-06-26 16:09:31.538 T:170616    info <general>: special://masterprofile/ is mapped to: /home/zuzia/.kodi/userdata
2024-06-26 16:09:31.538 T:170616    info <general>: special://envhome/ is mapped to: /home/zuzia
2024-06-26 16:09:31.538 T:170616    info <general>: special://home/ is mapped to: /home/zuzia/.kodi
2024-06-26 16:09:31.538 T:170616    info <general>: special://temp/ is mapped to: /home/zuzia/.kodi/temp
2024-06-26 16:09:31.538 T:170616    info <general>: special://logpath/ is mapped to: /home/zuzia/.kodi/temp
2024-06-26 16:09:31.538 T:170616    info <general>: Webserver extra whitelist paths: 
2024-06-26 16:09:31.538 T:170616    info <general>: The executable running is: /usr/lib/kodi/kodi-x11
2024-06-26 16:09:31.538 T:170616    info <general>: Local hostname: mx
2024-06-26 16:09:31.538 T:170616    info <general>: Log File is located: /home/zuzia/.kodi/temp/kodi.log
2024-06-26 16:09:31.538 T:170616    info <general>: -----------------------------------------------------------------------
2024-06-26 16:09:31.538 T:170616    info <general>: loading settings
2024-06-26 16:09:31.549 T:170616    info <general>: special://profile/ is mapped to: special://masterprofile/
2024-06-26 16:09:31.590 T:170616    info <general>: No settings file to load (special://xbmc/system/advancedsettings.xml)
2024-06-26 16:09:31.590 T:170616    info <general>: No settings file to load (special://masterprofile/advancedsettings.xml)
2024-06-26 16:09:31.590 T:170616    info <general>: Default Video Player: VideoPlayer
2024-06-26 16:09:31.590 T:170616    info <general>: Default Audio Player: paplayer
2024-06-26 16:09:31.590 T:170616    info <general>: Disabled debug logging due to GUI setting. Level 0.
2024-06-26 16:09:31.590 T:170616    info <general>: Log level changed to "info"
2024-06-26 16:09:31.598 T:170616    info <general>: New Cache GUI Settings (replacement of cache in advancedsettings.xml) are:
                                                     Buffer Mode: 4
                                                     Memory Size: 20 MB
                                                     Read Factor: 4.00 x 
                                                     Chunk Size : 131072 bytes
2024-06-26 16:09:31.598 T:170616    info <general>: creating subdirectories
2024-06-26 16:09:31.598 T:170616    info <general>: userdata folder: special://masterprofile/
2024-06-26 16:09:31.598 T:170616    info <general>: recording folder: 
2024-06-26 16:09:31.598 T:170616    info <general>: screenshots folder: 
2024-06-26 16:09:31.670 T:170616    info <general>: Running database version Addons33
2024-06-26 16:09:31.687 T:170616   error <general>: GetDirectory - Error getting /usr/lib/kodi/addons
2024-06-26 16:09:31.687 T:170616   error <general>: GetDirectory - Error getting special://xbmcbin/addons
2024-06-26 16:09:32.537 T:170622    info <general>: Loading special://xbmc/system/Lircmap.xml
2024-06-26 16:09:32.544 T:170622    info <general>: * Adding remote mapping for device 'mceusb'
2024-06-26 16:09:32.544 T:170622    info <general>: * Adding remote mapping for device 'XboxDVDDongle'
2024-06-26 16:09:32.544 T:170622    info <general>: * Adding remote mapping for device 'Microsoft_Xbox'
2024-06-26 16:09:32.544 T:170622    info <general>: * Adding remote mapping for device 'PinnacleSysPCTVRemote'
2024-06-26 16:09:32.544 T:170622    info <general>: * Adding remote mapping for device 'anysee'
2024-06-26 16:09:32.544 T:170622    info <general>: * Adding remote mapping for device 'iMON-PAD'
2024-06-26 16:09:32.544 T:170622    info <general>: * Adding remote mapping for device 'Antec_Veris_RM200'
2024-06-26 16:09:32.544 T:170622    info <general>: * Adding remote mapping for device 'MCE_via_iMON'
2024-06-26 16:09:32.544 T:170622    info <general>: * Adding remote mapping for device 'TwinHanRemote'
2024-06-26 16:09:32.544 T:170622    info <general>: * Adding remote mapping for device 'linux-input-layer'
2024-06-26 16:09:32.544 T:170622    info <general>: * Linking remote mapping for 'linux-input-layer' to 'cx23885_remote'
2024-06-26 16:09:32.544 T:170622    info <general>: * Adding remote mapping for device 'mediacenter'
2024-06-26 16:09:32.544 T:170622    info <general>: * Adding remote mapping for device 'devinput'
2024-06-26 16:09:32.544 T:170622    info <general>: * Adding remote mapping for device 'devinput-32'
2024-06-26 16:09:32.544 T:170622    info <general>: * Adding remote mapping for device 'devinput-64'
2024-06-26 16:09:33.223 T:170616    info <general>: CAddonMgr::FindAddons: Repozytorium-Kodi v1.0.3 installed
2024-06-26 16:09:33.223 T:170616    info <general>: CAddonMgr::FindAddons: audioencoder.kodi.builtin.aac v1.0.2 installed
2024-06-26 16:09:33.223 T:170616    info <general>: CAddonMgr::FindAddons: audioencoder.kodi.builtin.wma v1.0.2 installed
2024-06-26 16:09:33.223 T:170616    info <general>: CAddonMgr::FindAddons: game.controller.default v1.0.42 installed
2024-06-26 16:09:33.223 T:170616    info <general>: CAddonMgr::FindAddons: game.controller.keyboard v1.1.43 installed
2024-06-26 16:09:33.223 T:170616    info <general>: CAddonMgr::FindAddons: game.controller.mouse v1.0.26 installed
2024-06-26 16:09:33.223 T:170616    info <general>: CAddonMgr::FindAddons: game.controller.snes v1.0.40 installed
2024-06-26 16:09:33.223 T:170616    info <general>: CAddonMgr::FindAddons: inputstream.adaptive v21.4.10 installed
2024-06-26 16:09:33.224 T:170616    info <general>: CAddonMgr::FindAddons: inputstream.rtmp v21.1.0 installed
2024-06-26 16:09:33.224 T:170616    info <general>: CAddonMgr::FindAddons: kodi.binary.global.audioengine v1.1.1 installed
2024-06-26 16:09:33.224 T:170616    info <general>: CAddonMgr::FindAddons: kodi.binary.global.filesystem v1.1.8 installed
2024-06-26 16:09:33.224 T:170616    info <general>: CAddonMgr::FindAddons: kodi.binary.global.general v1.0.5 installed
2024-06-26 16:09:33.224 T:170616    info <general>: CAddonMgr::FindAddons: kodi.binary.global.gui v5.15.0 installed
2024-06-26 16:09:33.224 T:170616    info <general>: CAddonMgr::FindAddons: kodi.binary.global.main v2.0.2 installed
2024-06-26 16:09:33.224 T:170616    info <general>: CAddonMgr::FindAddons: kodi.binary.global.network v1.0.4 installed
2024-06-26 16:09:33.224 T:170616    info <general>: CAddonMgr::FindAddons: kodi.binary.global.tools v1.0.4 installed
2024-06-26 16:09:33.224 T:170616    info <general>: CAddonMgr::FindAddons: kodi.binary.instance.audiodecoder v4.0.0 installed
2024-06-26 16:09:33.224 T:170616    info <general>: CAddonMgr::FindAddons: kodi.binary.instance.audioencoder v3.0.0 installed
2024-06-26 16:09:33.224 T:170616    info <general>: CAddonMgr::FindAddons: kodi.binary.instance.game v3.0.2 installed
2024-06-26 16:09:33.224 T:170616    info <general>: CAddonMgr::FindAddons: kodi.binary.instance.imagedecoder v3.0.1 installed
2024-06-26 16:09:33.224 T:170616    info <general>: CAddonMgr::FindAddons: kodi.binary.instance.inputstream v3.3.0 installed
2024-06-26 16:09:33.224 T:170616    info <general>: CAddonMgr::FindAddons: kodi.binary.instance.peripheral v3.0.2 installed
2024-06-26 16:09:33.224 T:170616    info <general>: CAddonMgr::FindAddons: kodi.binary.instance.pvr v8.3.0 installed
2024-06-26 16:09:33.224 T:170616    info <general>: CAddonMgr::FindAddons: kodi.binary.instance.screensaver v2.2.0 installed
2024-06-26 16:09:33.225 T:170616    info <general>: CAddonMgr::FindAddons: kodi.binary.instance.vfs v3.0.1 installed
2024-06-26 16:09:33.225 T:170616    info <general>: CAddonMgr::FindAddons: kodi.binary.instance.videocodec v2.1.0 installed
2024-06-26 16:09:33.225 T:170616    info <general>: CAddonMgr::FindAddons: kodi.binary.instance.visualization v4.0.0 installed
2024-06-26 16:09:33.225 T:170616    info <general>: CAddonMgr::FindAddons: kodi.resource v1.0.0 installed
2024-06-26 16:09:33.225 T:170616    info <general>: CAddonMgr::FindAddons: metadata.album.universal v3.1.9 installed
2024-06-26 16:09:33.225 T:170616    info <general>: CAddonMgr::FindAddons: metadata.artists.universal v4.3.11 installed
2024-06-26 16:09:33.225 T:170616    info <general>: CAddonMgr::FindAddons: metadata.common.allmusic.com v3.2.2 installed
2024-06-26 16:09:33.225 T:170616    info <general>: CAddonMgr::FindAddons: metadata.common.fanart.tv v3.6.4 installed
2024-06-26 16:09:33.225 T:170616    info <general>: CAddonMgr::FindAddons: metadata.common.musicbrainz.org v2.2.4 installed
2024-06-26 16:09:33.225 T:170616    info <general>: CAddonMgr::FindAddons: metadata.common.theaudiodb.com v2.0.3 installed
2024-06-26 16:09:33.225 T:170616    info <general>: CAddonMgr::FindAddons: metadata.generic.albums v1.0.18 installed
2024-06-26 16:09:33.225 T:170616    info <general>: CAddonMgr::FindAddons: metadata.generic.artists v1.0.18 installed
2024-06-26 16:09:33.225 T:170616    info <general>: CAddonMgr::FindAddons: metadata.local v1.0.1 installed
2024-06-26 16:09:33.225 T:170616    info <general>: CAddonMgr::FindAddons: metadata.themoviedb.org.python v3.0.1 installed
2024-06-26 16:09:33.225 T:170616    info <general>: CAddonMgr::FindAddons: metadata.tvshows.themoviedb.org.python v1.6.6 installed
2024-06-26 16:09:33.225 T:170616    info <general>: CAddonMgr::FindAddons: repository.slyguy v0.0.9 installed
2024-06-26 16:09:33.226 T:170616    info <general>: CAddonMgr::FindAddons: repository.xbmc.org v3.4.0 installed
2024-06-26 16:09:33.226 T:170616    info <general>: CAddonMgr::FindAddons: resource.images.weathericons.default v1.1.9 installed
2024-06-26 16:09:33.226 T:170616    info <general>: CAddonMgr::FindAddons: resource.language.en_gb v2.0.2 installed
2024-06-26 16:09:33.226 T:170616    info <general>: CAddonMgr::FindAddons: resource.uisounds.kodi v1.0.1 installed
2024-06-26 16:09:33.226 T:170616    info <general>: CAddonMgr::FindAddons: screensaver.xbmc.builtin.black v1.0.34 installed
2024-06-26 16:09:33.226 T:170616    info <general>: CAddonMgr::FindAddons: screensaver.xbmc.builtin.dim v1.0.66 installed
2024-06-26 16:09:33.226 T:170616    info <general>: CAddonMgr::FindAddons: script.module.pil v5.1.0 installed
2024-06-26 16:09:33.226 T:170616    info <general>: CAddonMgr::FindAddons: script.module.pycryptodome v3.4.3 installed
2024-06-26 16:09:33.226 T:170616    info <general>: CAddonMgr::FindAddons: script.module.slyguy v0.82.6 installed
2024-06-26 16:09:33.226 T:170616    info <general>: CAddonMgr::FindAddons: service.xbmc.versioncheck v0.5.30+matrix.1 installed
2024-06-26 16:09:33.226 T:170616    info <general>: CAddonMgr::FindAddons: skin.estuary v4.0.0 installed
2024-06-26 16:09:33.226 T:170616    info <general>: CAddonMgr::FindAddons: slyguy.dependencies v0.0.18 installed
2024-06-26 16:09:33.226 T:170616    info <general>: CAddonMgr::FindAddons: slyguy.max v0.1.0 installed
2024-06-26 16:09:33.226 T:170616    info <general>: CAddonMgr::FindAddons: webinterface.default v21.x-1.0.1 installed
2024-06-26 16:09:33.226 T:170616    info <general>: CAddonMgr::FindAddons: xbmc.addon v21.0.1 installed
2024-06-26 16:09:33.226 T:170616    info <general>: CAddonMgr::FindAddons: xbmc.core v0.1.0 installed
2024-06-26 16:09:33.227 T:170616    info <general>: CAddonMgr::FindAddons: xbmc.gui v5.17.0 installed
2024-06-26 16:09:33.227 T:170616    info <general>: CAddonMgr::FindAddons: xbmc.json v13.5.0 installed
2024-06-26 16:09:33.227 T:170616    info <general>: CAddonMgr::FindAddons: xbmc.metadata v2.1.0 installed
2024-06-26 16:09:33.227 T:170616    info <general>: CAddonMgr::FindAddons: xbmc.python v3.0.1 installed
2024-06-26 16:09:33.227 T:170616    info <general>: CAddonMgr::FindAddons: xbmc.webinterface v1.0.0 installed
2024-06-26 16:09:33.230 T:170616    info <general>: Selected Logind/UPower as PowerSyscall
2024-06-26 16:09:33.245 T:170616    info <general>: Selected UPower as PowerSyscall
2024-06-26 16:09:33.246 T:170616   error <general>: DBus error: org.freedesktop.DBus.Error.InvalidArgs - Brak właściwości „CanSuspend”
2024-06-26 16:09:33.247 T:170616   error <general>: DBus error: org.freedesktop.DBus.Error.InvalidArgs - Brak właściwości „CanHibernate”
2024-06-26 16:09:33.270 T:170616    info <general>: CKeyboardLayoutManager: loading keyboard layouts from special://xbmc/system/keyboardlayouts...
2024-06-26 16:09:33.418 T:170616    info <general>: Available videomodes (xrandr):
2024-06-26 16:09:33.418 T:170616    info <general>: Output 'HDMI-2' has 12 modes
2024-06-26 16:09:33.418 T:170616    info <general>: ID:0x45 Name:1920x1080 Refresh:60.000000 Width:1920 Height:1080
2024-06-26 16:09:33.418 T:170616    info <general>: Pixel Ratio: 0.998955
2024-06-26 16:09:33.418 T:170616    info <general>: ID:0x46 Name:1600x1200 Refresh:60.000000 Width:1600 Height:1200
2024-06-26 16:09:33.418 T:170616    info <general>: Pixel Ratio: 1.331940
2024-06-26 16:09:33.418 T:170616    info <general>: ID:0x47 Name:1680x1050 Refresh:59.883251 Width:1680 Height:1050
2024-06-26 16:09:33.418 T:170616    info <general>: Pixel Ratio: 1.109950
2024-06-26 16:09:33.418 T:170616    info <general>: ID:0x48 Name:1280x1024 Refresh:60.019741 Width:1280 Height:1024
2024-06-26 16:09:33.418 T:170616    info <general>: Pixel Ratio: 1.420736
2024-06-26 16:09:33.418 T:170616    info <general>: ID:0x49 Name:1440x900 Refresh:59.901459 Width:1440 Height:900
2024-06-26 16:09:33.418 T:170616    info <general>: Pixel Ratio: 1.109950
2024-06-26 16:09:33.418 T:170616    info <general>: ID:0x4a Name:1280x960 Refresh:60.000000 Width:1280 Height:960
2024-06-26 16:09:33.418 T:170616    info <general>: Pixel Ratio: 1.331940
2024-06-26 16:09:33.418 T:170616    info <general>: ID:0x4b Name:1152x720 Refresh:59.966991 Width:1152 Height:720
2024-06-26 16:09:33.418 T:170616    info <general>: Pixel Ratio: 1.109950
2024-06-26 16:09:33.418 T:170616    info <general>: ID:0x4c Name:1024x768 Refresh:60.003841 Width:1024 Height:768
2024-06-26 16:09:33.418 T:170616    info <general>: Pixel Ratio: 1.331940
2024-06-26 16:09:33.418 T:170616    info <general>: ID:0x4d Name:800x600 Refresh:60.316540 Width:800 Height:600
2024-06-26 16:09:33.418 T:170616    info <general>: Pixel Ratio: 1.331940
2024-06-26 16:09:33.418 T:170616    info <general>: ID:0x4e Name:800x600 Refresh:56.250000 Width:800 Height:600
2024-06-26 16:09:33.418 T:170616    info <general>: Pixel Ratio: 1.331940
2024-06-26 16:09:33.418 T:170616    info <general>: ID:0x4f Name:640x480 Refresh:66.666672 Width:640 Height:480
2024-06-26 16:09:33.418 T:170616    info <general>: Pixel Ratio: 1.331940
2024-06-26 16:09:33.418 T:170616    info <general>: ID:0x50 Name:640x480 Refresh:59.940479 Width:640 Height:480
2024-06-26 16:09:33.418 T:170616    info <general>: Pixel Ratio: 1.331940
2024-06-26 16:09:33.418 T:170616    info <general>: CApplication::CreateGUI - using the x11 windowing system
2024-06-26 16:09:33.418 T:170616    info <general>: Checking resolution 16
2024-06-26 16:09:33.559 T:170616    info <general>: RetroPlayer[RENDER]: Registering renderer factory for OpenGL
2024-06-26 16:09:33.914 T:170616    info <general>: Using visual 0x21
2024-06-26 16:09:33.935 T:170616    info <general>: VAAPI::Close - closing decoder context
2024-06-26 16:09:33.935 T:170616    info <general>: CRenderSystemGL::InitRenderSystem - Version: 4.6 (Core Profile) Mesa 24.1.2 - kisak-mesa PPA, Major: 4, Minor: 6
2024-06-26 16:09:33.935 T:170616    info <general>: GL_VENDOR = Intel
2024-06-26 16:09:33.935 T:170616    info <general>: GL_RENDERER = Mesa Intel(R) HD Graphics 4400 (HSW GT2)
2024-06-26 16:09:33.935 T:170616    info <general>: GL_VERSION = 4.6 (Core Profile) Mesa 24.1.2 - kisak-mesa PPA
2024-06-26 16:09:33.935 T:170616    info <general>: GL_SHADING_LANGUAGE_VERSION = 4.60
2024-06-26 16:09:33.935 T:170616    info <general>: GL_EXTENSIONS = GL_3DFX_texture_compression_FXT1 GL_AMD_conservative_depth GL_AMD_draw_buffers_blend GL_AMD_multi_draw_indirect GL_AMD_performance_monitor GL_AMD_pinned_memory GL_AMD_query_buffer_object GL_AMD_seamless_cubemap_per_texture GL_AMD_shader_trinary_minmax GL_AMD_texture_texture4 GL_AMD_vertex_shader_layer GL_AMD_vertex_shader_viewport_index GL_ANGLE_texture_compression_dxt3 GL_ANGLE_texture_compression_dxt5 GL_ARB_ES2_compatibility GL_ARB_ES3_1_compatibility GL_ARB_ES3_2_compatibility GL_ARB_ES3_compatibility GL_ARB_arrays_of_arrays GL_ARB_base_instance GL_ARB_blend_func_extended GL_ARB_buffer_storage GL_ARB_clear_buffer_object GL_ARB_clear_texture GL_ARB_clip_control GL_ARB_compressed_texture_pixel_storage GL_ARB_compute_shader GL_ARB_compute_variable_group_size GL_ARB_conditional_render_inverted GL_ARB_conservative_depth GL_ARB_copy_buffer GL_ARB_copy_image GL_ARB_cull_distance GL_ARB_debug_output GL_ARB_depth_buffer_float GL_ARB_depth_clamp GL_ARB_derivative_control GL_ARB_direct_state_access GL_ARB_draw_buffers GL_ARB_draw_buffers_blend GL_ARB_draw_elements_base_vertex GL_ARB_draw_indirect GL_ARB_draw_instanced GL_ARB_enhanced_layouts GL_ARB_explicit_attrib_location GL_ARB_explicit_uniform_location GL_ARB_fragment_coord_conventions GL_ARB_fragment_layer_viewport GL_ARB_fragment_shader GL_ARB_framebuffer_no_attachments GL_ARB_framebuffer_object GL_ARB_framebuffer_sRGB GL_ARB_get_program_binary GL_ARB_get_texture_sub_image GL_ARB_gl_spirv GL_ARB_gpu_shader5 GL_ARB_gpu_shader_fp64 GL_ARB_half_float_pixel GL_ARB_half_float_vertex GL_ARB_indirect_parameters GL_ARB_instanced_arrays GL_ARB_internalformat_query GL_ARB_internalformat_query2 GL_ARB_invalidate_subdata GL_ARB_map_buffer_alignment GL_ARB_map_buffer_range GL_ARB_multi_bind GL_ARB_multi_draw_indirect GL_ARB_occlusion_query2 GL_ARB_parallel_shader_compile GL_ARB_pipeline_statistics_query GL_ARB_pixel_buffer_object GL_ARB_point_sprite GL_ARB_polygon_offset_clamp GL_ARB_program_interface_query GL_ARB_provoking_vertex GL_ARB_query_buffer_object GL_ARB_robust_buffer_access_behavior GL_ARB_robustness GL_ARB_sample_shading GL_ARB_sampler_objects GL_ARB_seamless_cube_map GL_ARB_seamless_cubemap_per_texture GL_ARB_separate_shader_objects GL_ARB_shader_atomic_counter_ops GL_ARB_shader_atomic_counters GL_ARB_shader_bit_encoding GL_ARB_shader_clock GL_ARB_shader_draw_parameters GL_ARB_shader_group_vote GL_ARB_shader_image_load_store GL_ARB_shader_image_size GL_ARB_shader_objects GL_ARB_shader_precision GL_ARB_shader_storage_buffer_object GL_ARB_shader_subroutine GL_ARB_shader_texture_image_samples GL_ARB_shader_texture_lod GL_ARB_shader_viewport_layer_array GL_ARB_shading_language_420pack GL_ARB_shading_language_include GL_ARB_shading_language_packing GL_ARB_spirv_extensions GL_ARB_stencil_texturing GL_ARB_sync GL_ARB_tessellation_shader GL_ARB_texture_barrier GL_ARB_texture_border_clamp GL_ARB_texture_buffer_object GL_ARB_texture_buffer_object_rgb32 GL_ARB_texture_buffer_range GL_ARB_texture_compression_bptc GL_ARB_texture_compression_rgtc GL_ARB_texture_cube_map_array GL_ARB_texture_filter_anisotropic GL_ARB_texture_float GL_ARB_texture_gather GL_ARB_texture_mirror_clamp_to_edge GL_ARB_texture_multisample GL_ARB_texture_non_power_of_two GL_ARB_texture_query_levels GL_ARB_texture_query_lod GL_ARB_texture_rectangle GL_ARB_texture_rg GL_ARB_texture_rgb10_a2ui GL_ARB_texture_stencil8 GL_ARB_texture_storage GL_ARB_texture_storage_multisample GL_ARB_texture_swizzle GL_ARB_texture_view GL_ARB_timer_query GL_ARB_transform_feedback2 GL_ARB_transform_feedback3 GL_ARB_transform_feedback_instanced GL_ARB_transform_feedback_overflow_query GL_ARB_uniform_buffer_object GL_ARB_vertex_array_bgra GL_ARB_vertex_array_object GL_ARB_vertex_attrib_64bit GL_ARB_vertex_attrib_binding GL_ARB_vertex_buffer_object GL_ARB_vertex_shader GL_ARB_vertex_type_10f_11f_11f_rev GL_ARB_vertex_type_2_10_10_10_rev GL_ARB_viewport_array GL_ATI_blend_equation_separate GL_ATI_texture_float GL_EXT_EGL_image_storage GL_EXT_EGL_sync GL_EXT_abgr GL_EXT_blend_equation_separate GL_EXT_debug_label GL_EXT_demote_to_helper_invocation GL_EXT_draw_buffers2 GL_EXT_draw_instanced GL_EXT_framebuffer_blit GL_EXT_framebuffer_multisample GL_EXT_framebuffer_multisample_blit_scaled GL_EXT_framebuffer_object GL_EXT_framebuffer_sRGB GL_EXT_memory_object GL_EXT_memory_object_fd GL_EXT_packed_depth_stencil GL_EXT_packed_float GL_EXT_pixel_buffer_object GL_EXT_polygon_offset_clamp GL_EXT_provoking_vertex GL_EXT_semaphore GL_EXT_semaphore_fd GL_EXT_shader_framebuffer_fetch_non_coherent GL_EXT_shader_integer_mix GL_EXT_shader_samples_identical GL_EXT_texture_array GL_EXT_texture_compression_dxt1 GL_EXT_texture_compression_rgtc GL_EXT_texture_compression_s3tc GL_EXT_texture_filter_anisotropic GL_EXT_texture_integer GL_EXT_texture_sRGB GL_EXT_texture_sRGB_R8 GL_EXT_texture_sRGB_decode GL_EXT_texture_shadow_lod GL_EXT_texture_shared_exponent GL_EXT_texture_snorm GL_EXT_texture_storage GL_EXT_texture_swizzle GL_EXT_timer_query GL_EXT_transform_feedback GL_EXT_vertex_array_bgra GL_EXT_vertex_attrib_64bit GL_IBM_multimode_draw_arrays GL_INTEL_blackhole_render GL_INTEL_performance_query GL_KHR_blend_equation_advanced GL_KHR_context_flush_control GL_KHR_debug GL_KHR_no_error GL_KHR_parallel_shader_compile GL_KHR_robust_buffer_access_behavior GL_KHR_robustness GL_KHR_texture_compression_astc_ldr GL_KHR_texture_compression_astc_sliced_3d GL_MESA_framebuffer_flip_y GL_MESA_pack_invert GL_MESA_shader_integer_functions GL_MESA_texture_signed_rgba GL_NV_alpha_to_coverage_dither_control GL_NV_compute_shader_derivatives GL_NV_conditional_render GL_NV_copy_image GL_NV_depth_clamp GL_NV_packed_depth_stencil GL_NV_texture_barrier GL_OES_EGL_image GL_S3_s3tc 
2024-06-26 16:09:34.432 T:170616    info <general>: GL: Maximum texture width: 16384
2024-06-26 16:09:34.514 T:170616    info <general>: GL: Enabling VSYNC
2024-06-26 16:09:34.515 T:170616    info <general>: load keymapping
2024-06-26 16:09:34.531 T:170616    info <general>: Loading special://xbmc/system/keymaps/appcommand.xml
2024-06-26 16:09:34.539 T:170616    info <general>: Loading special://xbmc/system/keymaps/customcontroller.AppleRemote.xml
2024-06-26 16:09:34.544 T:170616    info <general>: Loading special://xbmc/system/keymaps/customcontroller.Harmony.xml
2024-06-26 16:09:34.545 T:170616    info <general>: Loading special://xbmc/system/keymaps/customcontroller.SiriRemote.xml
2024-06-26 16:09:34.545 T:170616    info <general>: Loading special://xbmc/system/keymaps/gamepad.xml
2024-06-26 16:09:34.546 T:170616    info <general>: Loading special://xbmc/system/keymaps/joystick.xml
2024-06-26 16:09:34.551 T:170616    info <general>: Loading special://xbmc/system/keymaps/keyboard.xml
2024-06-26 16:09:34.554 T:170616    info <general>: Loading special://xbmc/system/keymaps/mouse.xml
2024-06-26 16:09:34.554 T:170616    info <general>: Loading special://xbmc/system/keymaps/remote.xml
2024-06-26 16:09:34.559 T:170616    info <general>: Loading special://xbmc/system/keymaps/touchscreen.xml
2024-06-26 16:09:34.571 T:170616    info <general>: GUI format 1920x1080, Display HDMI-2: 1920x1080 @ 60.00Hz
2024-06-26 16:09:34.572 T:170632    info <general>: Found 1 Lists of Devices
2024-06-26 16:09:34.572 T:170632    info <general>: Enumerated PIPEWIRE devices:
2024-06-26 16:09:34.572 T:170632    info <general>:     Device 1
2024-06-26 16:09:34.572 T:170632    info <general>:         m_deviceName      : Default
2024-06-26 16:09:34.572 T:170632    info <general>:         m_displayName     : Default
2024-06-26 16:09:34.572 T:170632    info <general>:         m_displayNameExtra: Default Output Device (PIPEWIRE)
2024-06-26 16:09:34.572 T:170632    info <general>:         m_deviceType      : AE_DEVTYPE_PCM
2024-06-26 16:09:34.572 T:170632    info <general>:         m_channels        : FL, FR
2024-06-26 16:09:34.572 T:170632    info <general>:         m_sampleRates     : 5512,8000,11025,16000,22050,32000,44100,48000,64000,88200,96000,176400,192000,384000
2024-06-26 16:09:34.572 T:170632    info <general>:         m_dataFormats     : AE_FMT_RAW,AE_FMT_U8,AE_FMT_S16NE,AE_FMT_S24NE4,AE_FMT_S32NE,AE_FMT_S24NE3,AE_FMT_FLOAT
2024-06-26 16:09:34.572 T:170632    info <general>:         m_streamTypes     : No passthrough capabilities
2024-06-26 16:09:34.572 T:170632    info <general>:     Device 2
2024-06-26 16:09:34.572 T:170632    info <general>:         m_deviceName      : alsa_output.pci-0000_00_1b.0.analog-stereo
2024-06-26 16:09:34.572 T:170632    info <general>:         m_displayName     : Wbudowany dźwięk Analogowe stereo
2024-06-26 16:09:34.572 T:170632    info <general>:         m_displayNameExtra: Wbudowany dźwięk Analogowe stereo (PIPEWIRE)
2024-06-26 16:09:34.572 T:170632    info <general>:         m_deviceType      : AE_DEVTYPE_PCM
2024-06-26 16:09:34.572 T:170632    info <general>:         m_channels        : FL, FR
2024-06-26 16:09:34.572 T:170632    info <general>:         m_sampleRates     : 5512,8000,11025,16000,22050,32000,44100,48000,64000,88200,96000,176400,192000,384000
2024-06-26 16:09:34.572 T:170632    info <general>:         m_dataFormats     : AE_FMT_RAW,AE_FMT_U8,AE_FMT_S16NE,AE_FMT_S24NE4,AE_FMT_S32NE,AE_FMT_S24NE3,AE_FMT_FLOAT
2024-06-26 16:09:34.572 T:170632    info <general>:         m_streamTypes     : No passthrough capabilities
2024-06-26 16:09:34.572 T:170632 warning <general>: ValidateOutputDevices: audio output device setting has been updated from 'Default' to 'PIPEWIRE:Default|Default Output Device (PIPEWIRE)'
2024-06-26 16:09:34.572 T:170633    info <general>: CActiveAESink::OpenSink - initialize sink
2024-06-26 16:09:34.574 T:170616    info <general>: CLangInfo: loading resource.language.en_gb language information...
2024-06-26 16:09:34.585 T:170616    info <general>: global locale set to en_US.UTF-8
2024-06-26 16:09:34.585 T:170616    info <general>: CLangInfo: loading resource.language.en_gb language strings...
2024-06-26 16:09:35.092 T:170634    info <general>: Running database version Addons33
2024-06-26 16:09:35.120 T:170634    info <general>: Running database version ViewModes6
2024-06-26 16:09:35.156 T:170634    info <general>: Running database version Textures13
2024-06-26 16:09:35.211 T:170634    info <general>: Running database version MyMusic83
2024-06-26 16:09:35.235 T:170634    info <general>: Running database version MyVideos131
2024-06-26 16:09:35.257 T:170634    info <general>: Running database version TV44
2024-06-26 16:09:35.271 T:170634    info <general>: Running database version Epg16
2024-06-26 16:09:35.290 T:170616    info <general>: Unloaded skin
2024-06-26 16:09:35.305 T:170616    info <general>:   load skin from: /usr/share/kodi/addons/skin.estuary/ (version: 4.0.0)
2024-06-26 16:09:35.305 T:170616    info <general>:   load fonts for skin...
2024-06-26 16:09:35.343 T:170616    info <general>: Loading skin includes from /usr/share/kodi/addons/skin.estuary/xml/Includes.xml
2024-06-26 16:09:35.457 T:170616    info <general>: LoadFontsFromFile: Loading <fontset> with name 'Default' from '/usr/share/kodi/addons/skin.estuary/xml/Font.xml'
2024-06-26 16:09:35.487 T:170616    info <general>: LoadTimers: Trying to load skin timers from /usr/share/kodi/addons/skin.estuary/xml/Timers.xml
2024-06-26 16:09:35.488 T:170616    info <general>:   load new skin...
2024-06-26 16:09:35.488 T:170616    info <general>: Loading custom window XMLs from skin path /usr/share/kodi/addons/skin.estuary/xml
2024-06-26 16:09:35.607 T:170616    info <general>:   initialize new skin...
2024-06-26 16:09:35.607 T:170616    info <general>: Loading skin file: Custom_1109_TopBarOverlay.xml, load type: LOAD_ON_GUI_INIT
2024-06-26 16:09:35.691 T:170616    info <general>: Loading skin file: DialogBusy.xml, load type: LOAD_ON_GUI_INIT
2024-06-26 16:09:35.691 T:170616    info <general>: Loading skin file: DialogNotification.xml, load type: LOAD_ON_GUI_INIT
2024-06-26 16:09:35.699 T:170616    info <general>: Loading skin file: DialogSeekBar.xml, load type: LOAD_ON_GUI_INIT
2024-06-26 16:09:35.709 T:170616    info <general>: Loading skin file: DialogExtendedProgressBar.xml, load type: LOAD_ON_GUI_INIT
2024-06-26 16:09:35.717 T:170616    info <general>: Loading skin file: Pointer.xml, load type: LOAD_ON_GUI_INIT
2024-06-26 16:09:35.718 T:170616    info <general>: Loading skin file: DialogBusy.xml, load type: LOAD_ON_GUI_INIT
2024-06-26 16:09:35.718 T:170616    info <general>: Loading skin file: DialogVolumeBar.xml, load type: LOAD_ON_GUI_INIT
2024-06-26 16:09:35.719 T:170616    info <general>: Loading resource://resource.uisounds.kodi/sounds.xml
2024-06-26 16:09:35.771 T:170616    info <general>:   skin loaded...
2024-06-26 16:09:35.771 T:170616    info <general>: Loading skin file: Startup.xml, load type: LOAD_EVERY_TIME
2024-06-26 16:09:35.771 T:170616    info <general>: Loading skin file: Home.xml, load type: KEEP_IN_MEMORY
2024-06-26 16:09:35.879 T:170616 warning <general>: JSONRPC: Could not parse type "Setting.Details.SettingList"
2024-06-26 16:09:35.879 T:170616    info <general>: JSONRPC: Adding type "Setting.Details.SettingList" to list of incomplete definitions (waiting for "Setting.Details.Setting")
2024-06-26 16:09:35.879 T:170616    info <general>: JSONRPC: Resolving incomplete types/methods referencing Setting.Details.Setting
2024-06-26 16:09:35.922 T:170616    info <general>: JSONRPC v13.5.0: Successfully initialized
2024-06-26 16:09:35.922 T:170616    info <general>: [Media Detection] starting service for optical media detection
2024-06-26 16:09:35.982 T:170616    info <general>: Register - new keyboard device registered on application->keyboard: Keyboard (0000:0000)
2024-06-26 16:09:36.001 T:170616    info <general>: Register - new mouse device registered on application->mouse: Mouse (0000:0000)
2024-06-26 16:09:36.006 T:170616    info <general>: Loading player core factory settings from special://xbmc/system/playercorefactory.xml.
2024-06-26 16:09:36.010 T:170616    info <general>: Loaded playercorefactory configuration
2024-06-26 16:09:36.010 T:170616    info <general>: Loading player core factory settings from special://masterprofile/playercorefactory.xml.
2024-06-26 16:09:36.010 T:170616    info <general>: special://masterprofile/playercorefactory.xml does not exist. Skipping.
2024-06-26 16:09:36.010 T:170616    info <general>: removing tempfiles
2024-06-26 16:09:36.036 T:170616    info <general>: initialize done
2024-06-26 16:09:36.036 T:170616    info <general>: Running the application...
2024-06-26 16:09:36.039 T:170616    info <general>: CZeroconfAvahi::clientCallback: avahi server not available. But may become later...
2024-06-26 16:09:36.039 T:170616    info <general>: starting zeroconf publishing
2024-06-26 16:09:36.039 T:170647    info <general>: ES: Starting UDP Event server on port 9777
2024-06-26 16:09:36.039 T:170647    info <general>: UDP: Listening on port 9777 (ipv6 : false)
2024-06-26 16:09:36.052 T:170616    info <general>: JSONRPC Server: Successfully initialized
2024-06-26 16:09:36.054 T:170616    info <general>: CWSDiscoveryListenerUDP::Start - Started
2024-06-26 16:09:36.246 T:170616    info <general>: Loading controller layout: /usr/share/kodi/addons/game.controller.mouse/resources/layout.xml
2024-06-26 16:09:40.084 T:170616    info <general>: Loading skin file: MyVideoNav.xml, load type: KEEP_IN_MEMORY
2024-06-26 16:09:41.041 T:170644    info <general>: script.module.slyguy - Python Version: 3.11.2 (main, Mar 13 2023, 12:18:29) [GCC 12.2.0]
2024-06-26 16:09:41.053 T:170644    info <general>: script.module.slyguy - Proxy Started: http://127.0.0.1:52103/
2024-06-26 16:09:41.059 T:170644    info <general>: script.module.slyguy - Widevine Level (fallback): 3
2024-06-26 16:09:41.060 T:170644    info <general>: script.module.slyguy - HDCP Level (fallback): 0.0
2024-06-26 16:09:48.258 T:170667   error <general>: EXCEPTION: The parameter "studios" must be either a Tuple or a List.
2024-06-26 16:09:53.735 T:170667    info <general>: Skipped 59 duplicate messages..
2024-06-26 16:09:53.735 T:170667    info <general>: slyguy.max - Widevine - System: Linux | Arch: x86_64
2024-06-26 16:09:53.855 T:170667    info <general>: slyguy.max - Widevine Current MD5: cba9c2f7f354d70c2120f864c930db5d
2024-06-26 16:09:54.945 T:170616    info <general>: VideoPlayer::OpenFile: plugin://slyguy.max/?_=play&_play=1&edit_id=b49e6588-9b74-4c96-b28e-28a365a3b76c
2024-06-26 16:09:54.946 T:170684 warning <general>: CDVDMessageQueue(player)::Put MSGQ_NOT_INITIALIZED
2024-06-26 16:09:54.952 T:170684    info <general>: Creating InputStream
2024-06-26 16:09:55.145 T:170684 warning <general>: AddOnLog: inputstream.adaptive: Warning "inputstream.adaptive.manifest_type" property is deprecated and will be removed next Kodi version, the manifest type is now automatically detected.
                                                   If you are using a proxy remember to add the appropriate "content-type" header to the HTTP manifest response
                                                   See Wiki page "How to provide custom manifest/license" to learn more about it.
2024-06-26 16:09:55.146 T:170684    info <general>: AddOnLog: inputstream.adaptive: [Repr. chooser] Resolution set: 1920x1080, max allowed: 1920x1080, Adjust refresh rate: 0
2024-06-26 16:09:56.113 T:170667    info <general>: slyguy.max - Dash Fix: cenc:pssh AAAAOHBzc2gAAAAA7e+LqXnWSs6jyCfc1R0h7QAAABgSEAEANgsktookJWBs+Hh3YmxI49yVmwY= -> AAAASnBzc2gAAAAA7e+LqXnWSs6jyCfc1R0h7QAAACoSEAEANgsktookJWBs+Hh3YmwSEAEBqey3Nr9zCQf9QHIJ1GdI49yVmwY=
2024-06-26 16:09:56.126 T:170667    info <general>: Skipped 23 duplicate messages..
2024-06-26 16:09:56.126 T:170667    info <general>: slyguy.max - Dash Fix: cenc:pssh AAAAgHBzc2gAAAAA7e+LqXnWSs6jyCfc1R0h7QAAAGASEAEANgsktookJWBs+Hh3YmwSEAEF918easgpuZaHI4PX2hkSEAECdrPUBQ3v5xgYDv0ZELkSEAEBqey3Nr9zCQf9QHIJ1GcSEAED+uD7ci55eSgralV85jVI49yVmwY= -> AAAASnBzc2gAAAAA7e+LqXnWSs6jyCfc1R0h7QAAACoSEAEANgsktookJWBs+Hh3YmwSEAEBqey3Nr9zCQf9QHIJ1GdI49yVmwY=
2024-06-26 16:09:56.242 T:170684    info <general>: Skipped 1 duplicate messages..
2024-06-26 16:09:56.242 T:170684 warning <general>: AddOnLog: inputstream.adaptive: ParseTagRepresentation: Cannot get codecs for representation with id: "images_1". Representation skipped.
2024-06-26 16:09:56.242 T:170684 warning <general>: AddOnLog: inputstream.adaptive: ParseTagAdaptationSet: Skipped AdaptationSet with id: "40", has no representations.
2024-06-26 16:09:56.243 T:170684    info <general>: AddOnLog: inputstream.adaptive: Manifest successfully parsed (Periods: 1, Streams in first period: 56, Type: VOD)
2024-06-26 16:09:57.561 T:170687    info <general>: script.module.slyguy - WV License response OK and returned data
2024-06-26 16:09:59.207 T:170616    info <general>: Loading skin file: DialogSelect.xml, load type: KEEP_IN_MEMORY
2024-06-26 16:10:02.233 T:170684    info <general>: Creating Demuxer
2024-06-26 16:10:02.257 T:170684    info <general>: Opening stream: 1001 source: 256
2024-06-26 16:10:02.466 T:170684    info <general>: Creating video codec with codec id: 27
2024-06-26 16:10:02.466 T:170684    info <general>: CDVDVideoCodecFFmpeg::Open() Using codec: H.264 / AVC / MPEG-4 AVC / MPEG-4 part 10
2024-06-26 16:10:02.471 T:170684    info <general>: Creating video thread
2024-06-26 16:10:02.474 T:170684    info <general>: Opening stream: 1003 source: 256
2024-06-26 16:10:02.475 T:170697    info <general>: running thread: video_thread
2024-06-26 16:10:02.611 T:170684    info <general>: Finding audio codec for: 86056
2024-06-26 16:10:02.611 T:170684    info <general>: CDVDAudioCodecFFmpeg::Open() Successful opened audio decoder eac3
2024-06-26 16:10:02.611 T:170684    info <general>: OpenStream: Allowing max Out-Of-Sync Value of 50 ms
2024-06-26 16:10:02.611 T:170684    info <general>: Creating audio thread
2024-06-26 16:10:02.612 T:170702    info <general>: running thread: CVideoPlayerAudio::Process()
2024-06-26 16:10:02.613 T:170684    info <general>: Opening stream: 1039 source: 256
2024-06-26 16:10:02.769 T:170684    info <general>: CDVDSubtitlesLibass: Using libass version 1701000
2024-06-26 16:10:02.769 T:170684    info <general>: CDVDSubtitlesLibass: Creating ASS library structure
2024-06-26 16:10:02.772 T:170684    info <general>: CDVDSubtitlesLibass: Initializing ASS Renderer
2024-06-26 16:10:02.773 T:170684    info <general>: CDVDSubtitlesLibass: Initializing ASS library font settings
2024-06-26 16:10:02.903 T:170684    info <general>: CDVDSubtitlesLibass: Creating new ASS track
2024-06-26 16:10:03.379 T:170702    info <general>: Creating audio stream (codec id: 86056, channels: 6, sample rate: 48000, no pass-through)
2024-06-26 16:10:03.379 T:170713    info <general>: COutput::OnStartup: Output Thread created
2024-06-26 16:10:03.416 T:170633    info <general>: CActiveAESink::OpenSink - initialize sink
2024-06-26 16:10:03.570 T:170616    info <general>: GL: Selecting YUV 2 RGB shader
2024-06-26 16:10:03.614 T:170616    info <general>: GL: Using GL_ARB_pixel_buffer_object
2024-06-26 16:10:03.614 T:170616    info <general>: Using GL_TEXTURE_2D
2024-06-26 16:10:03.635 T:170616    info <general>: GL: Selecting YUV 2 RGB shader
2024-06-26 16:10:03.635 T:170616    info <general>: GL: Using GL_ARB_pixel_buffer_object
2024-06-26 16:10:03.664 T:170616    info <general>: Loading skin file: VideoFullScreen.xml, load type: KEEP_IN_MEMORY
2024-06-26 16:10:03.851 T:170697    info <general>: CDVDVideoCodecFFmpeg::CDropControl: calculated diff time: 41708
2024-06-26 16:10:04.315 T:170616    info <general>: Loading skin file: VideoOSD.xml, load type: KEEP_IN_MEMORY
2024-06-26 16:10:06.131 T:170616    info <general>: CVideoPlayer::CloseFile()
2024-06-26 16:10:06.131 T:170616    info <general>: VideoPlayer: waiting for threads to exit
2024-06-26 16:10:06.138 T:170684    info <general>: CVideoPlayer::OnExit()
2024-06-26 16:10:06.138 T:170684    info <general>: Closing stream player 1
2024-06-26 16:10:06.139 T:170684    info <general>: Waiting for audio thread to exit
2024-06-26 16:10:06.159 T:170702    info <general>: thread end: CVideoPlayerAudio::OnExit()
2024-06-26 16:10:06.159 T:170684    info <general>: Closing audio device
2024-06-26 16:10:06.209 T:170684    info <general>: Deleting audio codec
2024-06-26 16:10:06.209 T:170684    info <general>: Closing stream player 2
2024-06-26 16:10:06.210 T:170633    info <general>: CActiveAESink::OpenSink - initialize sink
2024-06-26 16:10:06.210 T:170684    info <general>: waiting for video thread to exit
2024-06-26 16:10:06.220 T:170697 warning <general>: OutputPicture - timeout waiting for buffer
2024-06-26 16:10:06.220 T:170697    info <general>: thread end: video_thread
2024-06-26 16:10:06.220 T:170684    info <general>: deleting video codec
2024-06-26 16:10:06.221 T:170684    info <general>: VAAPI::Close
2024-06-26 16:10:06.221 T:170713    info <general>: COutput::OnExit: Output Thread terminated
2024-06-26 16:10:06.221 T:170684    info <general>: VAAPI::Close - closing decoder context
2024-06-26 16:10:06.222 T:170684    info <general>: Closing stream player 3
2024-06-26 16:10:06.230 T:170684   error <general>: AddOnLog: inputstream.adaptive: Instances: 1
2024-06-26 16:10:06.235 T:170677    info <general>: Deleting settings information for files plugin://slyguy.max/?_=play&_play=1&edit_id=b49e6588-9b74-4c96-b28e-28a365a3b76c
2024-06-26 16:10:06.245 T:170684    info <general>: ADDON: Dll Destroyed - InputStream Adaptive
2024-06-26 16:10:06.245 T:170616    info <general>: VideoPlayer: finished waiting
2024-06-26 16:10:06.246 T:170616    info <general>: CVideoPlayer::CloseFile()
2024-06-26 16:10:06.246 T:170616    info <general>: VideoPlayer: waiting for threads to exit
2024-06-26 16:10:06.246 T:170616    info <general>: VideoPlayer: finished waiting
2024-06-26 16:10:06.311 T:170616   error <general>: Control 55 in window 10025 has been asked to focus, but it can't
2024-06-26 16:10:06.423 T:170667   error <general>: EXCEPTION: The parameter "studios" must be either a Tuple or a List.
2024-06-26 16:10:08.819 T:170616    info <general>: Skipped 9 duplicate messages..
2024-06-26 16:10:08.819 T:170616    info <general>: Loading controller layout: /usr/share/kodi/addons/game.controller.keyboard/resources/layout.xml
2024-06-26 16:10:12.023 T:170616    info <general>: Loading skin file: DialogButtonMenu.xml, load type: KEEP_IN_MEMORY
2024-06-26 16:10:13.312 T:170616    info <general>: Stopping the application...
2024-06-26 16:10:13.312 T:170616    info <general>: Stopping player
2024-06-26 16:10:13.312 T:170616    info <general>: Storing total System Uptime
2024-06-26 16:10:13.312 T:170616    info <general>: Saving settings
2024-06-26 16:10:13.318 T:170616    info <general>: Saving skin settings
2024-06-26 16:10:13.318 T:170616    info <general>: Stopping all
2024-06-26 16:10:13.320 T:170616    info <general>: ES: Stopping event server
2024-06-26 16:10:13.320 T:170616    info <general>: CWSDiscoveryListenerUDP::Stop - Stopped
2024-06-26 16:10:13.320 T:170616    info <general>: stopping zeroconf publishing
2024-06-26 16:10:14.087 T:170647    info <general>: ES: UDP Event server stopped
2024-06-26 16:10:14.492 T:170616    info <general>: CServiceAddonManager: failed to stop service.xbmc.versioncheck (may have ended)
2024-06-26 16:10:14.792 T:170616    info <general>: Application stopped
2024-06-26 16:10:15.464 T:170616    info <general>: unload skin
2024-06-26 16:10:15.487 T:170616    info <general>: Unloaded skin
2024-06-26 16:10:15.490 T:170616    info <general>: unload sections
2024-06-26 16:10:15.493 T:170616    info <general>: CWSDiscoveryListenerUDP::Stop - Stopped
2024-06-26 16:10:15.513 T:170616    info <general>: XRANDR: /usr/lib/kodi/kodi-xrandr --screen 0 --output HDMI-2 --mode 0x45
2024-06-26 16:10:15.558 T:170616    info <general>: Exiting the application...
